<?xml version="1.0" encoding="UTF-8"?>
<!-- Generated by org.testng.reporters.JUnitReportReporter -->
<testsuite skipped="0" hostname="MDLT222" name="SCB.SCM_Automation.TestBaseClass" tests="1" failures="0" timestamp="01 Sep 2017 08:27:57 GMT" time="0.015" errors="0">
  <testcase name="Test1" time="0.015" classname="SCB.SCM_Automation.TestBaseClass"/>
</testsuite> <!-- SCB.SCM_Automation.TestBaseClass -->
