<?xml version="1.0" encoding="UTF-8"?>
<!-- Generated by org.testng.reporters.JUnitReportReporter -->
<testsuite skipped="0" hostname="RaghulBE-PC" name="TestCases.TestCase02" tests="1" failures="0" timestamp="07 Sep 2017 18:22:33 GMT" time="37.345" errors="0">
  <testcase name="testScript1" time="37.345" classname="TestCases.TestCase02"/>
</testsuite> <!-- TestCases.TestCase02 -->
