<?xml version="1.0" encoding="UTF-8"?>
<!-- Generated by org.testng.reporters.JUnitReportReporter -->
<testsuite skipped="0" hostname="RaghulBE-PC" name="Helper_Utility.FileUploadDemo" tests="1" failures="0" timestamp="07 Sep 2017 18:20:45 GMT" time="35.400" errors="0">
  <testcase name="test1" time="35.400" classname="Helper_Utility.FileUploadDemo"/>
</testsuite> <!-- Helper_Utility.FileUploadDemo -->
