<?xml version="1.0" encoding="UTF-8"?>
<!-- Generated by org.testng.reporters.JUnitReportReporter -->
<testsuite skipped="0" hostname="RaghulBE-PC" name="TestCases.TestCase4" tests="1" failures="0" timestamp="14 Sep 2017 16:49:50 GMT" time="24.939" errors="0">
  <testcase name="testScript1" time="24.939" classname="TestCases.TestCase4"/>
</testsuite> <!-- TestCases.TestCase4 -->
