<?xml version="1.0" encoding="UTF-8"?>
<!-- Generated by org.testng.reporters.JUnitReportReporter -->
<testsuite skipped="0" hostname="NDTSB01" name="DataProvider.DataProvider1" tests="1" failures="0" timestamp="08 Sep 2017 09:58:07 GMT" time="1.314" errors="0">
  <testcase name="test1" time="1.314" classname="DataProvider.DataProvider1"/>
</testsuite> <!-- DataProvider.DataProvider1 -->
